[0m15:10:17.833416 [debug] [MainThread]: Sending event: {'category': 'dbt', 'action': 'invocation', 'label': 'start', 'context': [<snowplow_tracker.self_describing_json.SelfDescribingJson object at 0x000001873B8F09B0>, <snowplow_tracker.self_describing_json.SelfDescribingJson object at 0x000001873FFA18B0>, <snowplow_tracker.self_describing_json.SelfDescribingJson object at 0x000001873FEB41A0>]}


============================== 15:10:17.847553 | 85a90528-89b0-4b86-b205-b85525240619 ==============================
[0m15:10:17.847553 [info ] [MainThread]: Running with dbt=1.10.11
[0m15:10:17.849417 [debug] [MainThread]: running dbt with arguments {'partial_parse': 'True', 'profiles_dir': 'C:\\Users\\Hamza\\.dbt', 'send_anonymous_usage_stats': 'True', 'warn_error': 'None', 'cache_selected_only': 'False', 'target_path': 'None', 'version_check': 'True', 'invocation_command': 'dbt init snowflake_project', 'log_format': 'default', 'use_colors': 'True', 'introspect': 'True', 'debug': 'False', 'printer_width': '80', 'fail_fast': 'False', 'no_print': 'None', 'use_experimental_parser': 'False', 'empty': 'None', 'log_cache_events': 'False', 'quiet': 'False', 'indirect_selection': 'eager', 'log_path': 'logs', 'write_json': 'True', 'warn_error_options': 'WarnErrorOptionsV2(error=[], warn=[], silence=[])', 'static_parser': 'True'}
[0m15:10:17.957677 [info ] [MainThread]: Creating dbt configuration folder at C:\Users\Hamza\.dbt
[0m15:10:17.964677 [debug] [MainThread]: Starter project path: C:\Users\Hamza\AppData\Roaming\Python\Python312\site-packages\dbt\include\starter_project
[0m15:10:17.985299 [info ] [MainThread]: 
Your new dbt project "snowflake_project" was created!

For more information on how to configure the profiles.yml file,
please consult the dbt documentation here:

  https://docs.getdbt.com/docs/configure-your-profile

One more thing:

Need help? Don't hesitate to reach out to us via GitHub issues or on Slack:

  https://community.getdbt.com/

Happy modeling!

[0m15:10:17.989168 [info ] [MainThread]: Setting up your profile.
[0m16:02:50.982118 [info ] [MainThread]: Profile snowflake_project written to C:\Users\Hamza\.dbt\profiles.yml using target's profile_template.yml and your supplied values. Run 'dbt debug' to validate the connection.
[0m16:02:50.987121 [debug] [MainThread]: Command `dbt init` succeeded at 16:02:50.987121 after 3153.35 seconds
[0m16:02:50.988207 [debug] [MainThread]: Sending event: {'category': 'dbt', 'action': 'invocation', 'label': 'end', 'context': [<snowplow_tracker.self_describing_json.SelfDescribingJson object at 0x000001873FCC7170>, <snowplow_tracker.self_describing_json.SelfDescribingJson object at 0x000001875A97B980>, <snowplow_tracker.self_describing_json.SelfDescribingJson object at 0x0000018758101C10>]}
[0m16:02:50.989120 [debug] [MainThread]: Flushing usage events
[0m16:02:51.955547 [debug] [MainThread]: An error was encountered while trying to flush usage events
